<?xml version="1.0" encoding="UTF-8"?>
<!-- Generated by org.testng.reporters.JUnitReportReporter -->
<testsuite hostname="INPUEN-DL146" failures="0" tests="1" name="com.mavenproject.qa.mavenproject.Ebay_Sanity_Test_Case_2" time="9.974" errors="0" timestamp="2022-03-25T08:15:13 IST" skipped="0">
  <testcase classname="com.mavenproject.qa.mavenproject.Ebay_Sanity_Test_Case_2" name="empty_Search_test_softassert" time="9.974"/>
  <system-out/>
</testsuite> <!-- com.mavenproject.qa.mavenproject.Ebay_Sanity_Test_Case_2 -->
