<?xml version="1.0" encoding="UTF-8"?>
<!-- Generated by org.testng.reporters.JUnitReportReporter -->
<testsuite hostname="INPUEN-DL146" failures="0" tests="6" name="com.mavenproject.qa.mavenproject.DemoTest1" time="0.037" errors="0" timestamp="2022-03-16T08:33:06 IST" skipped="0">
  <testcase classname="com.mavenproject.qa.mavenproject.DemoTest1" name="test5" time="0.003"/>
  <system-out/>
  <testcase classname="com.mavenproject.qa.mavenproject.DemoTest1" name="test5" time="0.005"/>
  <system-out/>
  <testcase classname="com.mavenproject.qa.mavenproject.DemoTest1" name="test5" time="0.003"/>
  <system-out/>
  <testcase classname="com.mavenproject.qa.mavenproject.DemoTest1" name="test5" time="0.007"/>
  <system-out/>
  <testcase classname="com.mavenproject.qa.mavenproject.DemoTest1" name="test5" time="0.011"/>
  <system-out/>
  <testcase classname="com.mavenproject.qa.mavenproject.DemoTest1" name="test5" time="0.008"/>
  <system-out/>
</testsuite> <!-- com.mavenproject.qa.mavenproject.DemoTest1 -->
