<?xml version="1.0" encoding="UTF-8"?>
<!-- Generated by org.testng.reporters.JUnitReportReporter -->
<testsuite hostname="INPUEN-DL146" failures="0" tests="2" name="com.mavenproject.qa.mavenproject.Demo_Test" time="0.011" errors="0" timestamp="8 Mar 2022 02:28:46 GMT">
  <testcase classname="com.mavenproject.qa.mavenproject.Demo_Test" name="Test1" time="0.009"/>
  <testcase classname="com.mavenproject.qa.mavenproject.Demo_Test" name="Test2" time="0.002"/>
</testsuite> <!-- com.mavenproject.qa.mavenproject.Demo_Test -->
