<?xml version="1.0" encoding="UTF-8"?>
<!-- Generated by org.testng.reporters.JUnitReportReporter -->
<testsuite hostname="INPUEN-DL146" failures="0" tests="1" name="com.mavenproject.qa.mavenproject.Ebay_Sanity_Test_Case_1" time="12.150" errors="0" timestamp="2022-03-25T08:15:13 IST" skipped="0">
  <testcase classname="com.mavenproject.qa.mavenproject.Ebay_Sanity_Test_Case_1" name="empty_Search_test2" time="12.150"/>
  <system-out/>
</testsuite> <!-- com.mavenproject.qa.mavenproject.Ebay_Sanity_Test_Case_1 -->
