<?xml version="1.0" encoding="UTF-8"?>
<!-- Generated by org.testng.reporters.JUnitReportReporter -->
<testsuite hostname="INPUEN-DL146" failures="0" tests="1" name="com.mavenproject.qa.mavenproject.DemoTest2" time="0.014" errors="0" timestamp="8 Mar 2022 02:34:13 GMT">
  <testcase classname="com.mavenproject.qa.mavenproject.DemoTest2" name="f" time="0.014"/>
</testsuite> <!-- com.mavenproject.qa.mavenproject.DemoTest2 -->
